{
  "stats": {
    "suites": 8,
    "tests": 19,
    "passes": 18,
    "pending": 1,
    "failures": 0,
    "start": "2022-11-11T09:51:10.624Z",
    "end": "2022-11-11T09:51:15.105Z",
    "duration": 4481,
    "testsRegistered": 19,
    "passPercent": 100,
    "pendingPercent": 5.263157894736842,
    "other": 0,
    "hasOther": false,
    "skipped": 0,
    "hasSkipped": false
  },
  "results": [
    {
      "uuid": "2d7aa363-b0d7-42bf-83fa-9e44d68d05fb",
      "title": "",
      "fullFile": "",
      "file": "",
      "beforeHooks": [],
      "afterHooks": [],
      "tests": [],
      "suites": [
        {
          "uuid": "366b376b-0bdb-453a-bce7-8009ba411ce5",
          "title": "Campaign API",
          "fullFile": "C:\\Users\\17532\\Desktop\\Project\\Server\\test\\campaign.js",
          "file": "\\test\\campaign.js",
          "beforeHooks": [],
          "afterHooks": [],
          "tests": [],
          "suites": [
            {
              "uuid": "04de9f31-8cd9-4c6c-9fc0-a06550f3a413",
              "title": "POST /api/campaign/getCampaigns",
              "fullFile": "C:\\Users\\17532\\Desktop\\Project\\Server\\test\\campaign.js",
              "file": "\\test\\campaign.js",
              "beforeHooks": [],
              "afterHooks": [],
              "tests": [
                {
                  "title": "IT should return all Campaign details of Specific User",
                  "fullTitle": "Campaign API POST /api/campaign/getCampaigns IT should return all Campaign details of Specific User",
                  "timedOut": false,
                  "duration": 2052,
                  "state": "passed",
                  "speed": "slow",
                  "pass": true,
                  "fail": false,
                  "pending": false,
                  "context": null,
                  "code": "const id = {\n    id: \"lqblyRwIeylJjL6V8Chj\"\n};\nchai.request(server)\n.post(\"/api/campaign/getCampaigns\")\n.send(id)\n.end((err, response)=>{\n    response.should.have.status(200);\n    response.body.should.be.a('object');\n    response.body.should.have.property('status').eq(\"success\");\n    response.body.should.have.property('status').should.be.a('object');\n    response.body.should.have.property('msg').eq(\"Campaign List Found\");\n   done();\n})",
                  "err": {},
                  "uuid": "7402ede2-4d10-42e1-a3a0-5d2384ff6f1b",
                  "parentUUID": "04de9f31-8cd9-4c6c-9fc0-a06550f3a413",
                  "isHook": false,
                  "skipped": false
                },
                {
                  "title": "IT should not return Campaign details of the User",
                  "fullTitle": "Campaign API POST /api/campaign/getCampaigns IT should not return Campaign details of the User",
                  "timedOut": false,
                  "duration": 208,
                  "state": "passed",
                  "speed": "slow",
                  "pass": true,
                  "fail": false,
                  "pending": false,
                  "context": null,
                  "code": "const id = {\n    id: \"lqblyRwI\" // Wrong User ID\n};\nchai.request(server)\n.post(\"/api/campaign/getCampaigns\")\n.send(id)\n.end((err, response)=>{\n    response.should.have.status(400);\n    response.body.should.be.a('object');\n    response.body.should.have.property('status').eq(\"error\");\n    response.body.should.have.property('status').should.be.a('object');\n    response.body.should.have.property('msg').eq(\"No Campaign found\");\n   done();\n})",
                  "err": {},
                  "uuid": "5d0b53d5-7219-4254-9ea5-a5d6cbd310cc",
                  "parentUUID": "04de9f31-8cd9-4c6c-9fc0-a06550f3a413",
                  "isHook": false,
                  "skipped": false
                },
                {
                  "title": "IT should not return Campaign details of the User",
                  "fullTitle": "Campaign API POST /api/campaign/getCampaigns IT should not return Campaign details of the User",
                  "timedOut": false,
                  "duration": 4,
                  "state": "passed",
                  "speed": "fast",
                  "pass": true,
                  "fail": false,
                  "pending": false,
                  "context": null,
                  "code": "const id = {\n    // No User Id\n};\nchai.request(server)\n.post(\"/api/campaign/getCampaigns\")\n.send(id)\n.end((err, response)=>{\n    response.should.have.status(500);\n    response.body.should.be.a('object');\n    response.body.should.have.property('status').eq(\"error\");\n    response.body.should.have.property('status').should.be.a('object');\n   done();\n})",
                  "err": {},
                  "uuid": "d8ef2ba0-e5da-49ad-9eb9-25eba5bda433",
                  "parentUUID": "04de9f31-8cd9-4c6c-9fc0-a06550f3a413",
                  "isHook": false,
                  "skipped": false
                }
              ],
              "suites": [],
              "passes": [
                "7402ede2-4d10-42e1-a3a0-5d2384ff6f1b",
                "5d0b53d5-7219-4254-9ea5-a5d6cbd310cc",
                "d8ef2ba0-e5da-49ad-9eb9-25eba5bda433"
              ],
              "failures": [],
              "pending": [],
              "skipped": [],
              "duration": 2264,
              "root": false,
              "rootEmpty": false,
              "_timeout": 30000
            },
            {
              "uuid": "f7c021f5-aae8-440e-8869-4dce15130cf2",
              "title": "POST /api/campaign/getWatchlist",
              "fullFile": "C:\\Users\\17532\\Desktop\\Project\\Server\\test\\campaign.js",
              "file": "\\test\\campaign.js",
              "beforeHooks": [],
              "afterHooks": [],
              "tests": [
                {
                  "title": "IT should return the requested Watchlist details",
                  "fullTitle": "Campaign API POST /api/campaign/getWatchlist IT should return the requested Watchlist details",
                  "timedOut": false,
                  "duration": 361,
                  "state": "passed",
                  "speed": "slow",
                  "pass": true,
                  "fail": false,
                  "pending": false,
                  "context": null,
                  "code": "const id = {\n    id: \"lqblyRwIeylJjL6V8Chj\"\n};\nchai.request(server)\n.post(\"/api/campaign/getWatchlist\")\n.send(id)\n.end((err, response)=>{\n    response.should.have.status(200);\n    response.body.should.be.a('object');\n    response.body.should.have.property('status').eq(\"success\");\n    response.body.should.have.property('status').should.be.a('object');\n    response.body.should.have.property('msg').eq(\"Watchlist Data Found\");\n   done();\n})",
                  "err": {},
                  "uuid": "4db6d758-4f63-479b-9b7a-5ac0a96e0fb4",
                  "parentUUID": "f7c021f5-aae8-440e-8869-4dce15130cf2",
                  "isHook": false,
                  "skipped": false
                },
                {
                  "title": "IT should not return the requested Campaign details",
                  "fullTitle": "Campaign API POST /api/campaign/getWatchlist IT should not return the requested Campaign details",
                  "timedOut": false,
                  "duration": 190,
                  "state": "passed",
                  "speed": "slow",
                  "pass": true,
                  "fail": false,
                  "pending": false,
                  "context": null,
                  "code": "const id = {\n    id: \"lqblyRwI\" // Wrong User ID\n};\nchai.request(server)\n.post(\"/api/campaign/getWatchlist\")\n.send(id)\n.end((err, response)=>{\n    response.should.have.status(400);\n    response.body.should.be.a('object');\n    response.body.should.have.property('status').eq(\"error\");\n    response.body.should.have.property('status').should.be.a('object');\n    response.body.should.have.property('msg').eq(\"No watchlist found\");\n   done();\n})",
                  "err": {},
                  "uuid": "9b497d70-101a-4b2d-b766-15fce8dbea94",
                  "parentUUID": "f7c021f5-aae8-440e-8869-4dce15130cf2",
                  "isHook": false,
                  "skipped": false
                },
                {
                  "title": "IT should not return the requested Campaign details",
                  "fullTitle": "Campaign API POST /api/campaign/getWatchlist IT should not return the requested Campaign details",
                  "timedOut": false,
                  "duration": 4,
                  "state": "passed",
                  "speed": "fast",
                  "pass": true,
                  "fail": false,
                  "pending": false,
                  "context": null,
                  "code": "const id = {\n    \n};\nchai.request(server)\n.post(\"/api/campaign/getWatchlist\")\n.send(id)\n.end((err, response)=>{\n    response.should.have.status(500);\n    response.body.should.be.a('object');\n    response.body.should.have.property('status').eq(\"error\");\n   done();\n})",
                  "err": {},
                  "uuid": "5f709c1a-361a-4e07-9049-5f7f3629959e",
                  "parentUUID": "f7c021f5-aae8-440e-8869-4dce15130cf2",
                  "isHook": false,
                  "skipped": false
                }
              ],
              "suites": [],
              "passes": [
                "4db6d758-4f63-479b-9b7a-5ac0a96e0fb4",
                "9b497d70-101a-4b2d-b766-15fce8dbea94",
                "5f709c1a-361a-4e07-9049-5f7f3629959e"
              ],
              "failures": [],
              "pending": [],
              "skipped": [],
              "duration": 555,
              "root": false,
              "rootEmpty": false,
              "_timeout": 30000
            }
          ],
          "passes": [],
          "failures": [],
          "pending": [],
          "skipped": [],
          "duration": 0,
          "root": false,
          "rootEmpty": false,
          "_timeout": 30000
        },
        {
          "uuid": "02763fd8-fd3d-4c57-8bc3-f2871a6a52a0",
          "title": "User API",
          "fullFile": "C:\\Users\\17532\\Desktop\\Project\\Server\\test\\user.js",
          "file": "\\test\\user.js",
          "beforeHooks": [],
          "afterHooks": [],
          "tests": [],
          "suites": [
            {
              "uuid": "6da0c5d7-fd74-4f9f-be7c-d37b040cae82",
              "title": "POST /api/user/getUser",
              "fullFile": "C:\\Users\\17532\\Desktop\\Project\\Server\\test\\user.js",
              "file": "\\test\\user.js",
              "beforeHooks": [],
              "afterHooks": [],
              "tests": [
                {
                  "title": "Get specific User by ID",
                  "fullTitle": "User API POST /api/user/getUser Get specific User by ID",
                  "timedOut": false,
                  "duration": 174,
                  "state": "passed",
                  "speed": "slow",
                  "pass": true,
                  "fail": false,
                  "pending": false,
                  "context": null,
                  "code": "const id = {\n    id: \"lqblyRwIeylJjL6V8Chj\"\n};\nchai.request(server)\n.post(\"/api/user/getUser\")\n.send(id)\n.end((err, response)=>{\n    response.should.have.status(200);\n    response.body.should.be.a('object');\n    response.body.should.have.property('status').eq(\"success\");\n    response.body.should.have.property('status').should.be.a('object');\n   done();\n})",
                  "err": {},
                  "uuid": "f4212d10-5095-46b7-90db-6319b20b9b15",
                  "parentUUID": "6da0c5d7-fd74-4f9f-be7c-d37b040cae82",
                  "isHook": false,
                  "skipped": false
                },
                {
                  "title": "Get specific User by providing wrong User ID",
                  "fullTitle": "User API POST /api/user/getUser Get specific User by providing wrong User ID",
                  "timedOut": false,
                  "duration": 86,
                  "state": "passed",
                  "speed": "slow",
                  "pass": true,
                  "fail": false,
                  "pending": false,
                  "context": null,
                  "code": "const id = {\n    id: \"lqblyRwIeylJjL6V8Ch\"\n};\nchai.request(server)\n.post(\"/api/user/getUser\")\n.send(id)\n.end((err, response)=>{\n    response.should.have.status(400);\n    response.body.should.be.a('object');\n   done();\n})",
                  "err": {},
                  "uuid": "30088117-61e8-4e61-aca4-36ee4412ff79",
                  "parentUUID": "6da0c5d7-fd74-4f9f-be7c-d37b040cae82",
                  "isHook": false,
                  "skipped": false
                }
              ],
              "suites": [],
              "passes": [
                "f4212d10-5095-46b7-90db-6319b20b9b15",
                "30088117-61e8-4e61-aca4-36ee4412ff79"
              ],
              "failures": [],
              "pending": [],
              "skipped": [],
              "duration": 260,
              "root": false,
              "rootEmpty": false,
              "_timeout": 30000
            },
            {
              "uuid": "712ba366-6de8-45d0-a03f-2eb8aa589a4b",
              "title": "POST /api/user/authenticate",
              "fullFile": "C:\\Users\\17532\\Desktop\\Project\\Server\\test\\user.js",
              "file": "\\test\\user.js",
              "beforeHooks": [],
              "afterHooks": [],
              "tests": [
                {
                  "title": "Authenticate User by correct username and password",
                  "fullTitle": "User API POST /api/user/authenticate Authenticate User by correct username and password",
                  "timedOut": false,
                  "duration": 99,
                  "state": "passed",
                  "speed": "slow",
                  "pass": true,
                  "fail": false,
                  "pending": false,
                  "context": null,
                  "code": "const id = {\n    email: \"pavidsscst@gmail.com\",\n    password: \"pass#word1\"\n};\nchai.request(server)\n.post(\"/api/user/authenticate\")\n.send(id)\n.end((err, response)=>{\n    response.should.have.status(200);\n    response.body.should.be.a('object');\n    response.body.should.have.property('status').eq(\"success\");\n    response.body.should.have.property('msg').eq(\"User Authenticated Sucessfully\");\n   done();\n})",
                  "err": {},
                  "uuid": "326a9d93-5325-4902-b4e6-9fb5296f4351",
                  "parentUUID": "712ba366-6de8-45d0-a03f-2eb8aa589a4b",
                  "isHook": false,
                  "skipped": false
                },
                {
                  "title": "Authenticate user by wrong email",
                  "fullTitle": "User API POST /api/user/authenticate Authenticate user by wrong email",
                  "timedOut": false,
                  "duration": 93,
                  "state": "passed",
                  "speed": "slow",
                  "pass": true,
                  "fail": false,
                  "pending": false,
                  "context": null,
                  "code": "const id = {\n    email: \"saviru@gmail.com\",\n    password: \"pass#word1\"\n};\nchai.request(server)\n.post(\"/api/user/authenticate\")\n.send(id)\n.end((err, response)=>{\n    response.should.have.status(400);\n    response.body.should.be.a('object');\n    response.body.should.have.property('status').eq(\"error\");\n    response.body.should.have.property('msg').eq(\"User Authenticated Failed\");\n   done();\n})",
                  "err": {},
                  "uuid": "9f9bb1b0-002c-4fb6-b321-683be1ef54fb",
                  "parentUUID": "712ba366-6de8-45d0-a03f-2eb8aa589a4b",
                  "isHook": false,
                  "skipped": false
                },
                {
                  "title": "Authenticate user by wrong password",
                  "fullTitle": "User API POST /api/user/authenticate Authenticate user by wrong password",
                  "timedOut": false,
                  "duration": 93,
                  "state": "passed",
                  "speed": "slow",
                  "pass": true,
                  "fail": false,
                  "pending": false,
                  "context": null,
                  "code": "const id = {\n    email: \"pavidsscst@gmail.com\",\n    password: \"pass#word2\"\n};\nchai.request(server)\n.post(\"/api/user/authenticate\")\n.send(id)\n.end((err, response)=>{\n    response.should.have.status(400);\n    response.body.should.be.a('object');\n    response.body.should.have.property('status').eq(\"error\");\n    response.body.should.have.property('msg').eq(\"User Authenticated Failed\");\n   done();\n})",
                  "err": {},
                  "uuid": "9935733d-d68a-4b8b-a450-a679d7a5b629",
                  "parentUUID": "712ba366-6de8-45d0-a03f-2eb8aa589a4b",
                  "isHook": false,
                  "skipped": false
                }
              ],
              "suites": [],
              "passes": [
                "326a9d93-5325-4902-b4e6-9fb5296f4351",
                "9f9bb1b0-002c-4fb6-b321-683be1ef54fb",
                "9935733d-d68a-4b8b-a450-a679d7a5b629"
              ],
              "failures": [],
              "pending": [],
              "skipped": [],
              "duration": 285,
              "root": false,
              "rootEmpty": false,
              "_timeout": 30000
            },
            {
              "uuid": "c280ca84-6160-4967-935a-d338e14d4cd6",
              "title": "POST /api/user/getAllUsers",
              "fullFile": "C:\\Users\\17532\\Desktop\\Project\\Server\\test\\user.js",
              "file": "\\test\\user.js",
              "beforeHooks": [],
              "afterHooks": [],
              "tests": [
                {
                  "title": "Get All Users by all parameter",
                  "fullTitle": "User API POST /api/user/getAllUsers Get All Users by all parameter",
                  "timedOut": false,
                  "duration": 473,
                  "state": "passed",
                  "speed": "slow",
                  "pass": true,
                  "fail": false,
                  "pending": false,
                  "context": null,
                  "code": "const id = {\n    role: \"All\",\n    status: \"All\"\n};\nchai.request(server)\n.post(\"/api/user/getAllUsers\")\n.send(id)\n.end((err, response)=>{\n    response.should.have.status(200);\n    response.body.should.be.a('object');\n    response.body.should.have.property('status').eq(\"success\");\n    response.body.should.have.property('msg').eq(\"User List Found\");\n   done();\n})",
                  "err": {},
                  "uuid": "228e57ce-1bcd-4fe2-86b5-a1bd2fbfbd05",
                  "parentUUID": "c280ca84-6160-4967-935a-d338e14d4cd6",
                  "isHook": false,
                  "skipped": false
                },
                {
                  "title": "Get All Users by passing one role and all statuses",
                  "fullTitle": "User API POST /api/user/getAllUsers Get All Users by passing one role and all statuses",
                  "timedOut": false,
                  "duration": 231,
                  "state": "passed",
                  "speed": "slow",
                  "pass": true,
                  "fail": false,
                  "pending": false,
                  "context": null,
                  "code": "const id = {\n    role: \"Administrator\",\n    status: \"All\"\n};\nchai.request(server)\n.post(\"/api/user/getAllUsers\")\n.send(id)\n.end((err, response)=>{\n    response.should.have.status(200);\n    response.body.should.be.a('object');\n    response.body.should.have.property('status').eq(\"success\");\n    response.body.should.have.property('msg').eq(\"User List Found\");\n   done();\n})",
                  "err": {},
                  "uuid": "c4d65a97-317a-4ed0-9fe1-9e28b9f799e1",
                  "parentUUID": "c280ca84-6160-4967-935a-d338e14d4cd6",
                  "isHook": false,
                  "skipped": false
                },
                {
                  "title": "Get All Users by role and status",
                  "fullTitle": "User API POST /api/user/getAllUsers Get All Users by role and status",
                  "timedOut": false,
                  "duration": 165,
                  "state": "passed",
                  "speed": "slow",
                  "pass": true,
                  "fail": false,
                  "pending": false,
                  "context": null,
                  "code": "const id = {\n    role: \"Administrator\",\n    status: \"Active\"\n};\nchai.request(server)\n.post(\"/api/user/getAllUsers\")\n.send(id)\n.end((err, response)=>{\n    response.should.have.status(200);\n    response.body.should.be.a('object');\n    response.body.should.have.property('status').eq(\"not found\");\n    response.body.should.have.property('msg').eq(\"User List Not Found\");\n   done();\n})",
                  "err": {},
                  "uuid": "431e9335-4192-4f41-987f-3a0926602711",
                  "parentUUID": "c280ca84-6160-4967-935a-d338e14d4cd6",
                  "isHook": false,
                  "skipped": false
                },
                {
                  "title": "Get All Users by passing null values",
                  "fullTitle": "User API POST /api/user/getAllUsers Get All Users by passing null values",
                  "timedOut": false,
                  "duration": 172,
                  "state": "passed",
                  "speed": "slow",
                  "pass": true,
                  "fail": false,
                  "pending": false,
                  "context": null,
                  "code": "const id = {\n    role: null,\n    status: null\n};\nchai.request(server)\n.post(\"/api/user/getAllUsers\")\n.send(id)\n.end((err, response)=>{\n    response.should.have.status(200);\n    response.body.should.be.a('object');\n    response.body.should.have.property('status').eq(\"not found\");\n    response.body.should.have.property('msg').eq(\"User List Not Found\");\n   done();\n})",
                  "err": {},
                  "uuid": "28aa09ba-b224-4e72-af10-9a3306976897",
                  "parentUUID": "c280ca84-6160-4967-935a-d338e14d4cd6",
                  "isHook": false,
                  "skipped": false
                },
                {
                  "title": "Get All Users without passing parameters",
                  "fullTitle": "User API POST /api/user/getAllUsers Get All Users without passing parameters",
                  "timedOut": false,
                  "duration": 12,
                  "state": "passed",
                  "speed": "fast",
                  "pass": true,
                  "fail": false,
                  "pending": false,
                  "context": null,
                  "code": "const id = {\n};\nchai.request(server)\n.post(\"/api/user/getAllUsers\")\n.send(id)\n.end((err, response)=>{\n    response.should.have.status(500);\n    response.body.should.be.a('object');\n    response.body.should.have.property('status').eq(\"error\");\n   done();\n})",
                  "err": {},
                  "uuid": "d5be2666-83ac-4e4d-b53f-4bd8d346382f",
                  "parentUUID": "c280ca84-6160-4967-935a-d338e14d4cd6",
                  "isHook": false,
                  "skipped": false
                }
              ],
              "suites": [],
              "passes": [
                "228e57ce-1bcd-4fe2-86b5-a1bd2fbfbd05",
                "c4d65a97-317a-4ed0-9fe1-9e28b9f799e1",
                "431e9335-4192-4f41-987f-3a0926602711",
                "28aa09ba-b224-4e72-af10-9a3306976897",
                "d5be2666-83ac-4e4d-b53f-4bd8d346382f"
              ],
              "failures": [],
              "pending": [],
              "skipped": [],
              "duration": 1053,
              "root": false,
              "rootEmpty": false,
              "_timeout": 30000
            },
            {
              "uuid": "f699442d-26e8-4223-920a-a175d26f39bf",
              "title": "POST /api/user/addUser",
              "fullFile": "C:\\Users\\17532\\Desktop\\Project\\Server\\test\\user.js",
              "file": "\\test\\user.js",
              "beforeHooks": [],
              "afterHooks": [],
              "tests": [
                {
                  "title": "Add User",
                  "fullTitle": "User API POST /api/user/addUser Add User",
                  "timedOut": false,
                  "duration": 0,
                  "state": "pending",
                  "speed": null,
                  "pass": false,
                  "fail": false,
                  "pending": true,
                  "context": null,
                  "code": "",
                  "err": {},
                  "uuid": "c349106c-0d33-4ea3-8db8-aa369b4bcf5a",
                  "parentUUID": "f699442d-26e8-4223-920a-a175d26f39bf",
                  "isHook": false,
                  "skipped": false
                },
                {
                  "title": "Add User without passing parameters",
                  "fullTitle": "User API POST /api/user/addUser Add User without passing parameters",
                  "timedOut": false,
                  "duration": 7,
                  "state": "passed",
                  "speed": "fast",
                  "pass": true,
                  "fail": false,
                  "pending": false,
                  "context": null,
                  "code": "const id = {\n};\nchai.request(server)\n.post(\"/api/user/addUser\")\n.send(id)\n.end((err, response)=>{\n    response.should.have.status(500);\n    response.body.should.be.a('object');\n   done();\n})",
                  "err": {},
                  "uuid": "640419ab-7db4-4f5e-8d70-fa9afaf6d585",
                  "parentUUID": "f699442d-26e8-4223-920a-a175d26f39bf",
                  "isHook": false,
                  "skipped": false
                },
                {
                  "title": "Add User by already exists Email",
                  "fullTitle": "User API POST /api/user/addUser Add User by already exists Email",
                  "timedOut": false,
                  "duration": 6,
                  "state": "passed",
                  "speed": "fast",
                  "pass": true,
                  "fail": false,
                  "pending": false,
                  "context": null,
                  "code": "const id = {\n    firstName: \"Dilhan\",\n    lastName: \"Dahanayake\",\n    email: \"test@gmail.com\",\n    password: \"pass#word1\",\n    role: \"Campaign Manager\"\n};\nchai.request(server)\n.post(\"/api/user/addUser\")\n.send(id)\n.end((err, response)=>{\n    response.should.have.status(500);\n    response.body.should.be.a('object');\n   done();\n})",
                  "err": {},
                  "uuid": "db78b4be-3f31-4f14-8d58-c096afd540c9",
                  "parentUUID": "f699442d-26e8-4223-920a-a175d26f39bf",
                  "isHook": false,
                  "skipped": false
                }
              ],
              "suites": [],
              "passes": [
                "640419ab-7db4-4f5e-8d70-fa9afaf6d585",
                "db78b4be-3f31-4f14-8d58-c096afd540c9"
              ],
              "failures": [],
              "pending": [
                "c349106c-0d33-4ea3-8db8-aa369b4bcf5a"
              ],
              "skipped": [],
              "duration": 13,
              "root": false,
              "rootEmpty": false,
              "_timeout": 30000
            }
          ],
          "passes": [],
          "failures": [],
          "pending": [],
          "skipped": [],
          "duration": 0,
          "root": false,
          "rootEmpty": false,
          "_timeout": 30000
        }
      ],
      "passes": [],
      "failures": [],
      "pending": [],
      "skipped": [],
      "duration": 0,
      "root": true,
      "rootEmpty": true,
      "_timeout": 30000
    }
  ],
  "meta": {
    "mocha": {
      "version": "10.1.0"
    },
    "mochawesome": {
      "options": {
        "quiet": false,
        "reportFilename": "mochawesome",
        "saveHtml": true,
        "saveJson": true,
        "consoleReporter": "spec",
        "useInlineDiffs": false,
        "code": true
      },
      "version": "7.1.3"
    },
    "marge": {
      "options": null,
      "version": "6.2.0"
    }
  }
}